Line 205: Class MediaPlayerCtl.MediaPlayer of control MediaPlayer1 was not a loaded control class.
Line 211: The property name AudioStream in MediaPlayer1 is invalid.
Line 213: The property name AutoStart in MediaPlayer1 is invalid.
Line 214: The property name AnimationAtStart in MediaPlayer1 is invalid.
Line 215: The property name AllowScan in MediaPlayer1 is invalid.
Line 216: The property name AllowChangeDisplaySize in MediaPlayer1 is invalid.
Line 217: The property name AutoRewind in MediaPlayer1 is invalid.
Line 218: The property name Balance in MediaPlayer1 is invalid.
Line 219: The property name BaseURL in MediaPlayer1 is invalid.
Line 220: The property name BufferingTime in MediaPlayer1 is invalid.
Line 221: The property name CaptioningID in MediaPlayer1 is invalid.
Line 222: The property name ClickToPlay in MediaPlayer1 is invalid.
Line 223: The property name CursorType in MediaPlayer1 is invalid.
Line 224: The property name CurrentPosition in MediaPlayer1 is invalid.
Line 225: The property name CurrentMarker in MediaPlayer1 is invalid.
Line 226: The property name DefaultFrame in MediaPlayer1 is invalid.
Line 227: The property name DisplayBackColor in MediaPlayer1 is invalid.
Line 228: The property name DisplayForeColor in MediaPlayer1 is invalid.
Line 229: The property name DisplayMode in MediaPlayer1 is invalid.
Line 230: The property name DisplaySize in MediaPlayer1 is invalid.
Line 232: The property name EnableContextMenu in MediaPlayer1 is invalid.
Line 233: The property name EnablePositionControls in MediaPlayer1 is invalid.
Line 234: The property name EnableFullScreenControls in MediaPlayer1 is invalid.
Line 235: The property name EnableTracker in MediaPlayer1 is invalid.
Line 236: The property name Filename in MediaPlayer1 is invalid.
Line 237: The property name InvokeURLs in MediaPlayer1 is invalid.
Line 238: The property name Language in MediaPlayer1 is invalid.
Line 239: The property name Mute in MediaPlayer1 is invalid.
Line 240: The property name PlayCount in MediaPlayer1 is invalid.
Line 241: The property name PreviewMode in MediaPlayer1 is invalid.
Line 242: The property name Rate in MediaPlayer1 is invalid.
Line 243: The property name SAMILang in MediaPlayer1 is invalid.
Line 244: The property name SAMIStyle in MediaPlayer1 is invalid.
Line 245: The property name SAMIFileName in MediaPlayer1 is invalid.
Line 246: The property name SelectionStart in MediaPlayer1 is invalid.
Line 247: The property name SelectionEnd in MediaPlayer1 is invalid.
Line 248: The property name SendOpenStateChangeEvents in MediaPlayer1 is invalid.
Line 249: The property name SendWarningEvents in MediaPlayer1 is invalid.
Line 250: The property name SendErrorEvents in MediaPlayer1 is invalid.
Line 251: The property name SendKeyboardEvents in MediaPlayer1 is invalid.
Line 252: The property name SendMouseClickEvents in MediaPlayer1 is invalid.
Line 253: The property name SendMouseMoveEvents in MediaPlayer1 is invalid.
Line 254: The property name SendPlayStateChangeEvents in MediaPlayer1 is invalid.
Line 255: The property name ShowCaptioning in MediaPlayer1 is invalid.
Line 256: The property name ShowControls in MediaPlayer1 is invalid.
Line 257: The property name ShowAudioControls in MediaPlayer1 is invalid.
Line 258: The property name ShowDisplay in MediaPlayer1 is invalid.
Line 259: The property name ShowGotoBar in MediaPlayer1 is invalid.
Line 260: The property name ShowPositionControls in MediaPlayer1 is invalid.
Line 261: The property name ShowStatusBar in MediaPlayer1 is invalid.
Line 262: The property name ShowTracker in MediaPlayer1 is invalid.
Line 263: The property name TransparentAtStart in MediaPlayer1 is invalid.
Line 264: The property name VideoBorderWidth in MediaPlayer1 is invalid.
Line 265: The property name VideoBorderColor in MediaPlayer1 is invalid.
Line 266: The property name VideoBorder3D in MediaPlayer1 is invalid.
Line 267: The property name Volume in MediaPlayer1 is invalid.
Line 268: The property name WindowlessVideo in MediaPlayer1 is invalid.
Line 211: The property name AudioStream in MediaPlayer1 is invalid.
Line 213: The property name AutoStart in MediaPlayer1 is invalid.
Line 214: The property name AnimationAtStart in MediaPlayer1 is invalid.
Line 215: The property name AllowScan in MediaPlayer1 is invalid.
Line 216: The property name AllowChangeDisplaySize in MediaPlayer1 is invalid.
Line 217: The property name AutoRewind in MediaPlayer1 is invalid.
Line 218: The property name Balance in MediaPlayer1 is invalid.
Line 219: The property name BaseURL in MediaPlayer1 is invalid.
Line 220: The property name BufferingTime in MediaPlayer1 is invalid.
Line 221: The property name CaptioningID in MediaPlayer1 is invalid.
Line 222: The property name ClickToPlay in MediaPlayer1 is invalid.
Line 223: The property name CursorType in MediaPlayer1 is invalid.
Line 224: The property name CurrentPosition in MediaPlayer1 is invalid.
Line 225: The property name CurrentMarker in MediaPlayer1 is invalid.
Line 226: The property name DefaultFrame in MediaPlayer1 is invalid.
Line 227: The property name DisplayBackColor in MediaPlayer1 is invalid.
Line 228: The property name DisplayForeColor in MediaPlayer1 is invalid.
Line 229: The property name DisplayMode in MediaPlayer1 is invalid.
Line 230: The property name DisplaySize in MediaPlayer1 is invalid.
Line 232: The property name EnableContextMenu in MediaPlayer1 is invalid.
Line 233: The property name EnablePositionControls in MediaPlayer1 is invalid.
Line 234: The property name EnableFullScreenControls in MediaPlayer1 is invalid.
Line 235: The property name EnableTracker in MediaPlayer1 is invalid.
Line 236: The property name Filename in MediaPlayer1 is invalid.
Line 237: The property name InvokeURLs in MediaPlayer1 is invalid.
Line 238: The property name Language in MediaPlayer1 is invalid.
Line 239: The property name Mute in MediaPlayer1 is invalid.
Line 240: The property name PlayCount in MediaPlayer1 is invalid.
Line 241: The property name PreviewMode in MediaPlayer1 is invalid.
Line 242: The property name Rate in MediaPlayer1 is invalid.
Line 243: The property name SAMILang in MediaPlayer1 is invalid.
Line 244: The property name SAMIStyle in MediaPlayer1 is invalid.
Line 245: The property name SAMIFileName in MediaPlayer1 is invalid.
Line 246: The property name SelectionStart in MediaPlayer1 is invalid.
Line 247: The property name SelectionEnd in MediaPlayer1 is invalid.
Line 248: The property name SendOpenStateChangeEvents in MediaPlayer1 is invalid.
Line 249: The property name SendWarningEvents in MediaPlayer1 is invalid.
Line 250: The property name SendErrorEvents in MediaPlayer1 is invalid.
Line 251: The property name SendKeyboardEvents in MediaPlayer1 is invalid.
Line 252: The property name SendMouseClickEvents in MediaPlayer1 is invalid.
Line 253: The property name SendMouseMoveEvents in MediaPlayer1 is invalid.
Line 254: The property name SendPlayStateChangeEvents in MediaPlayer1 is invalid.
Line 255: The property name ShowCaptioning in MediaPlayer1 is invalid.
Line 256: The property name ShowControls in MediaPlayer1 is invalid.
Line 257: The property name ShowAudioControls in MediaPlayer1 is invalid.
Line 258: The property name ShowDisplay in MediaPlayer1 is invalid.
Line 259: The property name ShowGotoBar in MediaPlayer1 is invalid.
Line 260: The property name ShowPositionControls in MediaPlayer1 is invalid.
Line 261: The property name ShowStatusBar in MediaPlayer1 is invalid.
Line 262: The property name ShowTracker in MediaPlayer1 is invalid.
Line 263: The property name TransparentAtStart in MediaPlayer1 is invalid.
Line 264: The property name VideoBorderWidth in MediaPlayer1 is invalid.
Line 265: The property name VideoBorderColor in MediaPlayer1 is invalid.
Line 266: The property name VideoBorder3D in MediaPlayer1 is invalid.
Line 267: The property name Volume in MediaPlayer1 is invalid.
Line 268: The property name WindowlessVideo in MediaPlayer1 is invalid.
